ARM GAS  C:\Users\14800\AppData\Local\Temp\ccDn7x1p.s 			page 1


   1              		.cpu cortex-m3
   2              		.eabi_attribute 20, 1
   3              		.eabi_attribute 21, 1
   4              		.eabi_attribute 23, 3
   5              		.eabi_attribute 24, 1
   6              		.eabi_attribute 25, 1
   7              		.eabi_attribute 26, 1
   8              		.eabi_attribute 30, 1
   9              		.eabi_attribute 34, 1
  10              		.eabi_attribute 18, 4
  11              		.file	"main.c"
  12              		.text
  13              	.Ltext0:
  14              		.cfi_sections	.debug_frame
  15              		.section	.text.HAL_TIM_PeriodElapsedCallback,"ax",%progbits
  16              		.align	1
  17              		.global	HAL_TIM_PeriodElapsedCallback
  18              		.arch armv7-m
  19              		.syntax unified
  20              		.thumb
  21              		.thumb_func
  22              		.fpu softvfp
  24              	HAL_TIM_PeriodElapsedCallback:
  25              	.LVL0:
  26              	.LFB67:
  27              		.file 1 "Core/Src/main.c"
   1:Core/Src/main.c **** /* USER CODE BEGIN Header */
   2:Core/Src/main.c **** /**
   3:Core/Src/main.c ****   ******************************************************************************
   4:Core/Src/main.c ****   * @file           : main.c
   5:Core/Src/main.c ****   * @brief          : Main program body
   6:Core/Src/main.c ****   ******************************************************************************
   7:Core/Src/main.c ****   * @attention
   8:Core/Src/main.c ****   *
   9:Core/Src/main.c ****   * Copyright (c) 2023 STMicroelectronics.
  10:Core/Src/main.c ****   * All rights reserved.
  11:Core/Src/main.c ****   *
  12:Core/Src/main.c ****   * This software is licensed under terms that can be found in the LICENSE file
  13:Core/Src/main.c ****   * in the root directory of this software component.
  14:Core/Src/main.c ****   * If no LICENSE file comes with this software, it is provided AS-IS.
  15:Core/Src/main.c ****   *
  16:Core/Src/main.c ****   ******************************************************************************
  17:Core/Src/main.c ****   */
  18:Core/Src/main.c **** /* USER CODE END Header */
  19:Core/Src/main.c **** /* Includes ------------------------------------------------------------------*/
  20:Core/Src/main.c **** #include "main.h"
  21:Core/Src/main.c **** #include "usart.h"
  22:Core/Src/main.c **** #include "gpio.h"
  23:Core/Src/main.c **** 
  24:Core/Src/main.c **** 
  25:Core/Src/main.c **** /* Private includes ----------------------------------------------------------*/
  26:Core/Src/main.c **** /* USER CODE BEGIN Includes */
  27:Core/Src/main.c **** 
  28:Core/Src/main.c **** /* USER CODE END Includes */
  29:Core/Src/main.c **** 
  30:Core/Src/main.c **** /* Private typedef -----------------------------------------------------------*/
  31:Core/Src/main.c **** /* USER CODE BEGIN PTD */
ARM GAS  C:\Users\14800\AppData\Local\Temp\ccDn7x1p.s 			page 2


  32:Core/Src/main.c **** 
  33:Core/Src/main.c **** /* USER CODE END PTD */
  34:Core/Src/main.c **** 
  35:Core/Src/main.c **** /* Private define ------------------------------------------------------------*/
  36:Core/Src/main.c **** /* USER CODE BEGIN PD */
  37:Core/Src/main.c **** /* USER CODE END PD */
  38:Core/Src/main.c **** 
  39:Core/Src/main.c **** /* Private macro -------------------------------------------------------------*/
  40:Core/Src/main.c **** /* USER CODE BEGIN PM */
  41:Core/Src/main.c **** 
  42:Core/Src/main.c **** /* USER CODE END PM */
  43:Core/Src/main.c **** 
  44:Core/Src/main.c **** /* Private variables ---------------------------------------------------------*/
  45:Core/Src/main.c **** 
  46:Core/Src/main.c **** /* USER CODE BEGIN PV */
  47:Core/Src/main.c **** 
  48:Core/Src/main.c **** /* USER CODE END PV */
  49:Core/Src/main.c **** 
  50:Core/Src/main.c **** /* Private function prototypes -----------------------------------------------*/
  51:Core/Src/main.c **** void SystemClock_Config(void);
  52:Core/Src/main.c **** /* USER CODE BEGIN PFP */
  53:Core/Src/main.c **** 
  54:Core/Src/main.c **** /* USER CODE END PFP */
  55:Core/Src/main.c **** 
  56:Core/Src/main.c **** /* Private user code ---------------------------------------------------------*/
  57:Core/Src/main.c **** /* USER CODE BEGIN 0 */
  58:Core/Src/main.c **** 
  59:Core/Src/main.c **** /* USER CODE END 0 */
  60:Core/Src/main.c **** 
  61:Core/Src/main.c **** /**
  62:Core/Src/main.c ****   * @brief  The application entry point.
  63:Core/Src/main.c ****   * @retval int
  64:Core/Src/main.c ****   */
  65:Core/Src/main.c **** int main(void) {
  66:Core/Src/main.c ****   /* USER CODE BEGIN 1 */
  67:Core/Src/main.c **** 
  68:Core/Src/main.c ****   /* USER CODE END 1 */
  69:Core/Src/main.c **** 
  70:Core/Src/main.c ****   /* MCU Configuration--------------------------------------------------------*/
  71:Core/Src/main.c **** 
  72:Core/Src/main.c ****   /* Reset of all peripherals, Initializes the Flash interface and the Systick. */
  73:Core/Src/main.c ****   HAL_Init();
  74:Core/Src/main.c **** 
  75:Core/Src/main.c ****   /* USER CODE BEGIN Init */
  76:Core/Src/main.c **** 
  77:Core/Src/main.c ****   /* USER CODE END Init */
  78:Core/Src/main.c **** 
  79:Core/Src/main.c ****   /* Configure the system clock */
  80:Core/Src/main.c ****   SystemClock_Config();
  81:Core/Src/main.c **** 
  82:Core/Src/main.c ****   /* USER CODE BEGIN SysInit */
  83:Core/Src/main.c **** 
  84:Core/Src/main.c ****   /* USER CODE END SysInit */
  85:Core/Src/main.c **** 
  86:Core/Src/main.c ****   /* Initialize all configured peripherals */
  87:Core/Src/main.c ****   MX_GPIO_Init();
  88:Core/Src/main.c ****   MX_USART1_UART_Init();
ARM GAS  C:\Users\14800\AppData\Local\Temp\ccDn7x1p.s 			page 3


  89:Core/Src/main.c ****   /* USER CODE BEGIN 2 */
  90:Core/Src/main.c **** 
  91:Core/Src/main.c ****   /* USER CODE END 2 */
  92:Core/Src/main.c **** 
  93:Core/Src/main.c ****   /* Infinite loop */
  94:Core/Src/main.c ****   /* USER CODE BEGIN WHILE */
  95:Core/Src/main.c ****   while (1) {
  96:Core/Src/main.c ****     /* USER CODE END WHILE */
  97:Core/Src/main.c ****     HAL_UART_Transmit(&huart1, "HI", 2, 10);
  98:Core/Src/main.c ****     HAL_Delay(1000);
  99:Core/Src/main.c ****     /* USER CODE BEGIN 3 */
 100:Core/Src/main.c ****   }
 101:Core/Src/main.c ****   /* USER CODE END 3 */
 102:Core/Src/main.c **** }
 103:Core/Src/main.c **** 
 104:Core/Src/main.c **** /**
 105:Core/Src/main.c ****   * @brief System Clock Configuration
 106:Core/Src/main.c ****   * @retval None
 107:Core/Src/main.c ****   */
 108:Core/Src/main.c **** void SystemClock_Config(void) {
 109:Core/Src/main.c ****   RCC_OscInitTypeDef RCC_OscInitStruct = {0};
 110:Core/Src/main.c ****   RCC_ClkInitTypeDef RCC_ClkInitStruct = {0};
 111:Core/Src/main.c **** 
 112:Core/Src/main.c ****   /** Initializes the RCC Oscillators according to the specified parameters
 113:Core/Src/main.c ****   * in the RCC_OscInitTypeDef structure.
 114:Core/Src/main.c ****   */
 115:Core/Src/main.c ****   RCC_OscInitStruct.OscillatorType = RCC_OSCILLATORTYPE_HSE;
 116:Core/Src/main.c ****   RCC_OscInitStruct.HSEState = RCC_HSE_ON;
 117:Core/Src/main.c ****   RCC_OscInitStruct.HSEPredivValue = RCC_HSE_PREDIV_DIV1;
 118:Core/Src/main.c ****   RCC_OscInitStruct.HSIState = RCC_HSI_ON;
 119:Core/Src/main.c ****   RCC_OscInitStruct.PLL.PLLState = RCC_PLL_ON;
 120:Core/Src/main.c ****   RCC_OscInitStruct.PLL.PLLSource = RCC_PLLSOURCE_HSE;
 121:Core/Src/main.c ****   RCC_OscInitStruct.PLL.PLLMUL = RCC_PLL_MUL9;
 122:Core/Src/main.c ****   if (HAL_RCC_OscConfig(&RCC_OscInitStruct) != HAL_OK) {
 123:Core/Src/main.c ****     Error_Handler();
 124:Core/Src/main.c ****   }
 125:Core/Src/main.c **** 
 126:Core/Src/main.c ****   /** Initializes the CPU, AHB and APB buses clocks
 127:Core/Src/main.c ****   */
 128:Core/Src/main.c ****   RCC_ClkInitStruct.ClockType = RCC_CLOCKTYPE_HCLK | RCC_CLOCKTYPE_SYSCLK
 129:Core/Src/main.c ****                                 | RCC_CLOCKTYPE_PCLK1 | RCC_CLOCKTYPE_PCLK2;
 130:Core/Src/main.c ****   RCC_ClkInitStruct.SYSCLKSource = RCC_SYSCLKSOURCE_PLLCLK;
 131:Core/Src/main.c ****   RCC_ClkInitStruct.AHBCLKDivider = RCC_SYSCLK_DIV1;
 132:Core/Src/main.c ****   RCC_ClkInitStruct.APB1CLKDivider = RCC_HCLK_DIV2;
 133:Core/Src/main.c ****   RCC_ClkInitStruct.APB2CLKDivider = RCC_HCLK_DIV1;
 134:Core/Src/main.c **** 
 135:Core/Src/main.c ****   if (HAL_RCC_ClockConfig(&RCC_ClkInitStruct, FLASH_LATENCY_2) != HAL_OK) {
 136:Core/Src/main.c ****     Error_Handler();
 137:Core/Src/main.c ****   }
 138:Core/Src/main.c **** }
 139:Core/Src/main.c **** 
 140:Core/Src/main.c **** /* USER CODE BEGIN 4 */
 141:Core/Src/main.c **** 
 142:Core/Src/main.c **** /* USER CODE END 4 */
 143:Core/Src/main.c **** 
 144:Core/Src/main.c **** /**
 145:Core/Src/main.c ****   * @brief  Period elapsed callback in non blocking mode
ARM GAS  C:\Users\14800\AppData\Local\Temp\ccDn7x1p.s 			page 4


 146:Core/Src/main.c ****   * @note   This function is called  when TIM1 interrupt took place, inside
 147:Core/Src/main.c ****   * HAL_TIM_IRQHandler(). It makes a direct call to HAL_IncTick() to increment
 148:Core/Src/main.c ****   * a global variable "uwTick" used as application time base.
 149:Core/Src/main.c ****   * @param  htim : TIM handle
 150:Core/Src/main.c ****   * @retval None
 151:Core/Src/main.c ****   */
 152:Core/Src/main.c **** void HAL_TIM_PeriodElapsedCallback(TIM_HandleTypeDef* htim) {
  28              		.loc 1 152 61 view -0
  29              		.cfi_startproc
  30              		@ args = 0, pretend = 0, frame = 0
  31              		@ frame_needed = 0, uses_anonymous_args = 0
  32              		.loc 1 152 61 is_stmt 0 view .LVU1
  33 0000 08B5     		push	{r3, lr}
  34              	.LCFI0:
  35              		.cfi_def_cfa_offset 8
  36              		.cfi_offset 3, -8
  37              		.cfi_offset 14, -4
 153:Core/Src/main.c ****   /* USER CODE BEGIN Callback 0 */
 154:Core/Src/main.c **** 
 155:Core/Src/main.c ****   /* USER CODE END Callback 0 */
 156:Core/Src/main.c ****   if (htim->Instance == TIM1) {
  38              		.loc 1 156 3 is_stmt 1 view .LVU2
  39              		.loc 1 156 11 is_stmt 0 view .LVU3
  40 0002 0268     		ldr	r2, [r0]
  41              		.loc 1 156 6 view .LVU4
  42 0004 034B     		ldr	r3, .L5
  43 0006 9A42     		cmp	r2, r3
  44 0008 00D0     		beq	.L4
  45              	.LVL1:
  46              	.L1:
 157:Core/Src/main.c ****     HAL_IncTick();
 158:Core/Src/main.c ****   }
 159:Core/Src/main.c ****   /* USER CODE BEGIN Callback 1 */
 160:Core/Src/main.c **** 
 161:Core/Src/main.c ****   /* USER CODE END Callback 1 */
 162:Core/Src/main.c **** }
  47              		.loc 1 162 1 view .LVU5
  48 000a 08BD     		pop	{r3, pc}
  49              	.LVL2:
  50              	.L4:
 157:Core/Src/main.c ****     HAL_IncTick();
  51              		.loc 1 157 5 is_stmt 1 view .LVU6
  52 000c FFF7FEFF 		bl	HAL_IncTick
  53              	.LVL3:
  54              		.loc 1 162 1 is_stmt 0 view .LVU7
  55 0010 FBE7     		b	.L1
  56              	.L6:
  57 0012 00BF     		.align	2
  58              	.L5:
  59 0014 002C0140 		.word	1073818624
  60              		.cfi_endproc
  61              	.LFE67:
  63              		.section	.text.Error_Handler,"ax",%progbits
  64              		.align	1
  65              		.global	Error_Handler
  66              		.syntax unified
  67              		.thumb
ARM GAS  C:\Users\14800\AppData\Local\Temp\ccDn7x1p.s 			page 5


  68              		.thumb_func
  69              		.fpu softvfp
  71              	Error_Handler:
  72              	.LFB68:
 163:Core/Src/main.c **** 
 164:Core/Src/main.c **** /**
 165:Core/Src/main.c ****   * @brief  This function is executed in case of error occurrence.
 166:Core/Src/main.c ****   * @retval None
 167:Core/Src/main.c ****   */
 168:Core/Src/main.c **** void Error_Handler(void) {
  73              		.loc 1 168 26 is_stmt 1 view -0
  74              		.cfi_startproc
  75              		@ Volatile: function does not return.
  76              		@ args = 0, pretend = 0, frame = 0
  77              		@ frame_needed = 0, uses_anonymous_args = 0
  78              		@ link register save eliminated.
 169:Core/Src/main.c ****   /* USER CODE BEGIN Error_Handler_Debug */
 170:Core/Src/main.c ****   /* User can add his own implementation to report the HAL error return state */
 171:Core/Src/main.c ****   __disable_irq();
  79              		.loc 1 171 3 view .LVU9
  80              	.LBB4:
  81              	.LBI4:
  82              		.file 2 "C:/Users/14800/STM32Cube/Repository/STM32Cube_FW_F1_V1.8.5/Drivers/CMSIS/Include/cmsis_gc
   1:C:/Users/14800/STM32Cube/Repository/STM32Cube_FW_F1_V1.8.5/Drivers/CMSIS/Include\cmsis_gcc.h **** /**************************************************************************//**
   2:C:/Users/14800/STM32Cube/Repository/STM32Cube_FW_F1_V1.8.5/Drivers/CMSIS/Include\cmsis_gcc.h ****  * @file     cmsis_gcc.h
   3:C:/Users/14800/STM32Cube/Repository/STM32Cube_FW_F1_V1.8.5/Drivers/CMSIS/Include\cmsis_gcc.h ****  * @brief    CMSIS compiler GCC header file
   4:C:/Users/14800/STM32Cube/Repository/STM32Cube_FW_F1_V1.8.5/Drivers/CMSIS/Include\cmsis_gcc.h ****  * @version  V5.0.4
   5:C:/Users/14800/STM32Cube/Repository/STM32Cube_FW_F1_V1.8.5/Drivers/CMSIS/Include\cmsis_gcc.h ****  * @date     09. April 2018
   6:C:/Users/14800/STM32Cube/Repository/STM32Cube_FW_F1_V1.8.5/Drivers/CMSIS/Include\cmsis_gcc.h ****  ******************************************************************************/
   7:C:/Users/14800/STM32Cube/Repository/STM32Cube_FW_F1_V1.8.5/Drivers/CMSIS/Include\cmsis_gcc.h **** /*
   8:C:/Users/14800/STM32Cube/Repository/STM32Cube_FW_F1_V1.8.5/Drivers/CMSIS/Include\cmsis_gcc.h ****  * Copyright (c) 2009-2018 Arm Limited. All rights reserved.
   9:C:/Users/14800/STM32Cube/Repository/STM32Cube_FW_F1_V1.8.5/Drivers/CMSIS/Include\cmsis_gcc.h ****  *
  10:C:/Users/14800/STM32Cube/Repository/STM32Cube_FW_F1_V1.8.5/Drivers/CMSIS/Include\cmsis_gcc.h ****  * SPDX-License-Identifier: Apache-2.0
  11:C:/Users/14800/STM32Cube/Repository/STM32Cube_FW_F1_V1.8.5/Drivers/CMSIS/Include\cmsis_gcc.h ****  *
  12:C:/Users/14800/STM32Cube/Repository/STM32Cube_FW_F1_V1.8.5/Drivers/CMSIS/Include\cmsis_gcc.h ****  * Licensed under the Apache License, Version 2.0 (the License); you may
  13:C:/Users/14800/STM32Cube/Repository/STM32Cube_FW_F1_V1.8.5/Drivers/CMSIS/Include\cmsis_gcc.h ****  * not use this file except in compliance with the License.
  14:C:/Users/14800/STM32Cube/Repository/STM32Cube_FW_F1_V1.8.5/Drivers/CMSIS/Include\cmsis_gcc.h ****  * You may obtain a copy of the License at
  15:C:/Users/14800/STM32Cube/Repository/STM32Cube_FW_F1_V1.8.5/Drivers/CMSIS/Include\cmsis_gcc.h ****  *
  16:C:/Users/14800/STM32Cube/Repository/STM32Cube_FW_F1_V1.8.5/Drivers/CMSIS/Include\cmsis_gcc.h ****  * www.apache.org/licenses/LICENSE-2.0
  17:C:/Users/14800/STM32Cube/Repository/STM32Cube_FW_F1_V1.8.5/Drivers/CMSIS/Include\cmsis_gcc.h ****  *
  18:C:/Users/14800/STM32Cube/Repository/STM32Cube_FW_F1_V1.8.5/Drivers/CMSIS/Include\cmsis_gcc.h ****  * Unless required by applicable law or agreed to in writing, software
  19:C:/Users/14800/STM32Cube/Repository/STM32Cube_FW_F1_V1.8.5/Drivers/CMSIS/Include\cmsis_gcc.h ****  * distributed under the License is distributed on an AS IS BASIS, WITHOUT
  20:C:/Users/14800/STM32Cube/Repository/STM32Cube_FW_F1_V1.8.5/Drivers/CMSIS/Include\cmsis_gcc.h ****  * WARRANTIES OR CONDITIONS OF ANY KIND, either express or implied.
  21:C:/Users/14800/STM32Cube/Repository/STM32Cube_FW_F1_V1.8.5/Drivers/CMSIS/Include\cmsis_gcc.h ****  * See the License for the specific language governing permissions and
  22:C:/Users/14800/STM32Cube/Repository/STM32Cube_FW_F1_V1.8.5/Drivers/CMSIS/Include\cmsis_gcc.h ****  * limitations under the License.
  23:C:/Users/14800/STM32Cube/Repository/STM32Cube_FW_F1_V1.8.5/Drivers/CMSIS/Include\cmsis_gcc.h ****  */
  24:C:/Users/14800/STM32Cube/Repository/STM32Cube_FW_F1_V1.8.5/Drivers/CMSIS/Include\cmsis_gcc.h **** 
  25:C:/Users/14800/STM32Cube/Repository/STM32Cube_FW_F1_V1.8.5/Drivers/CMSIS/Include\cmsis_gcc.h **** #ifndef __CMSIS_GCC_H
  26:C:/Users/14800/STM32Cube/Repository/STM32Cube_FW_F1_V1.8.5/Drivers/CMSIS/Include\cmsis_gcc.h **** #define __CMSIS_GCC_H
  27:C:/Users/14800/STM32Cube/Repository/STM32Cube_FW_F1_V1.8.5/Drivers/CMSIS/Include\cmsis_gcc.h **** 
  28:C:/Users/14800/STM32Cube/Repository/STM32Cube_FW_F1_V1.8.5/Drivers/CMSIS/Include\cmsis_gcc.h **** /* ignore some GCC warnings */
  29:C:/Users/14800/STM32Cube/Repository/STM32Cube_FW_F1_V1.8.5/Drivers/CMSIS/Include\cmsis_gcc.h **** #pragma GCC diagnostic push
  30:C:/Users/14800/STM32Cube/Repository/STM32Cube_FW_F1_V1.8.5/Drivers/CMSIS/Include\cmsis_gcc.h **** #pragma GCC diagnostic ignored "-Wsign-conversion"
  31:C:/Users/14800/STM32Cube/Repository/STM32Cube_FW_F1_V1.8.5/Drivers/CMSIS/Include\cmsis_gcc.h **** #pragma GCC diagnostic ignored "-Wconversion"
  32:C:/Users/14800/STM32Cube/Repository/STM32Cube_FW_F1_V1.8.5/Drivers/CMSIS/Include\cmsis_gcc.h **** #pragma GCC diagnostic ignored "-Wunused-parameter"
  33:C:/Users/14800/STM32Cube/Repository/STM32Cube_FW_F1_V1.8.5/Drivers/CMSIS/Include\cmsis_gcc.h **** 
  34:C:/Users/14800/STM32Cube/Repository/STM32Cube_FW_F1_V1.8.5/Drivers/CMSIS/Include\cmsis_gcc.h **** /* Fallback for __has_builtin */
ARM GAS  C:\Users\14800\AppData\Local\Temp\ccDn7x1p.s 			page 6


  35:C:/Users/14800/STM32Cube/Repository/STM32Cube_FW_F1_V1.8.5/Drivers/CMSIS/Include\cmsis_gcc.h **** #ifndef __has_builtin
  36:C:/Users/14800/STM32Cube/Repository/STM32Cube_FW_F1_V1.8.5/Drivers/CMSIS/Include\cmsis_gcc.h ****   #define __has_builtin(x) (0)
  37:C:/Users/14800/STM32Cube/Repository/STM32Cube_FW_F1_V1.8.5/Drivers/CMSIS/Include\cmsis_gcc.h **** #endif
  38:C:/Users/14800/STM32Cube/Repository/STM32Cube_FW_F1_V1.8.5/Drivers/CMSIS/Include\cmsis_gcc.h **** 
  39:C:/Users/14800/STM32Cube/Repository/STM32Cube_FW_F1_V1.8.5/Drivers/CMSIS/Include\cmsis_gcc.h **** /* CMSIS compiler specific defines */
  40:C:/Users/14800/STM32Cube/Repository/STM32Cube_FW_F1_V1.8.5/Drivers/CMSIS/Include\cmsis_gcc.h **** #ifndef   __ASM
  41:C:/Users/14800/STM32Cube/Repository/STM32Cube_FW_F1_V1.8.5/Drivers/CMSIS/Include\cmsis_gcc.h ****   #define __ASM                                  __asm
  42:C:/Users/14800/STM32Cube/Repository/STM32Cube_FW_F1_V1.8.5/Drivers/CMSIS/Include\cmsis_gcc.h **** #endif
  43:C:/Users/14800/STM32Cube/Repository/STM32Cube_FW_F1_V1.8.5/Drivers/CMSIS/Include\cmsis_gcc.h **** #ifndef   __INLINE
  44:C:/Users/14800/STM32Cube/Repository/STM32Cube_FW_F1_V1.8.5/Drivers/CMSIS/Include\cmsis_gcc.h ****   #define __INLINE                               inline
  45:C:/Users/14800/STM32Cube/Repository/STM32Cube_FW_F1_V1.8.5/Drivers/CMSIS/Include\cmsis_gcc.h **** #endif
  46:C:/Users/14800/STM32Cube/Repository/STM32Cube_FW_F1_V1.8.5/Drivers/CMSIS/Include\cmsis_gcc.h **** #ifndef   __STATIC_INLINE
  47:C:/Users/14800/STM32Cube/Repository/STM32Cube_FW_F1_V1.8.5/Drivers/CMSIS/Include\cmsis_gcc.h ****   #define __STATIC_INLINE                        static inline
  48:C:/Users/14800/STM32Cube/Repository/STM32Cube_FW_F1_V1.8.5/Drivers/CMSIS/Include\cmsis_gcc.h **** #endif
  49:C:/Users/14800/STM32Cube/Repository/STM32Cube_FW_F1_V1.8.5/Drivers/CMSIS/Include\cmsis_gcc.h **** #ifndef   __STATIC_FORCEINLINE                 
  50:C:/Users/14800/STM32Cube/Repository/STM32Cube_FW_F1_V1.8.5/Drivers/CMSIS/Include\cmsis_gcc.h ****   #define __STATIC_FORCEINLINE                   __attribute__((always_inline)) static inline
  51:C:/Users/14800/STM32Cube/Repository/STM32Cube_FW_F1_V1.8.5/Drivers/CMSIS/Include\cmsis_gcc.h **** #endif                                           
  52:C:/Users/14800/STM32Cube/Repository/STM32Cube_FW_F1_V1.8.5/Drivers/CMSIS/Include\cmsis_gcc.h **** #ifndef   __NO_RETURN
  53:C:/Users/14800/STM32Cube/Repository/STM32Cube_FW_F1_V1.8.5/Drivers/CMSIS/Include\cmsis_gcc.h ****   #define __NO_RETURN                            __attribute__((__noreturn__))
  54:C:/Users/14800/STM32Cube/Repository/STM32Cube_FW_F1_V1.8.5/Drivers/CMSIS/Include\cmsis_gcc.h **** #endif
  55:C:/Users/14800/STM32Cube/Repository/STM32Cube_FW_F1_V1.8.5/Drivers/CMSIS/Include\cmsis_gcc.h **** #ifndef   __USED
  56:C:/Users/14800/STM32Cube/Repository/STM32Cube_FW_F1_V1.8.5/Drivers/CMSIS/Include\cmsis_gcc.h ****   #define __USED                                 __attribute__((used))
  57:C:/Users/14800/STM32Cube/Repository/STM32Cube_FW_F1_V1.8.5/Drivers/CMSIS/Include\cmsis_gcc.h **** #endif
  58:C:/Users/14800/STM32Cube/Repository/STM32Cube_FW_F1_V1.8.5/Drivers/CMSIS/Include\cmsis_gcc.h **** #ifndef   __WEAK
  59:C:/Users/14800/STM32Cube/Repository/STM32Cube_FW_F1_V1.8.5/Drivers/CMSIS/Include\cmsis_gcc.h ****   #define __WEAK                                 __attribute__((weak))
  60:C:/Users/14800/STM32Cube/Repository/STM32Cube_FW_F1_V1.8.5/Drivers/CMSIS/Include\cmsis_gcc.h **** #endif
  61:C:/Users/14800/STM32Cube/Repository/STM32Cube_FW_F1_V1.8.5/Drivers/CMSIS/Include\cmsis_gcc.h **** #ifndef   __PACKED
  62:C:/Users/14800/STM32Cube/Repository/STM32Cube_FW_F1_V1.8.5/Drivers/CMSIS/Include\cmsis_gcc.h ****   #define __PACKED                               __attribute__((packed, aligned(1)))
  63:C:/Users/14800/STM32Cube/Repository/STM32Cube_FW_F1_V1.8.5/Drivers/CMSIS/Include\cmsis_gcc.h **** #endif
  64:C:/Users/14800/STM32Cube/Repository/STM32Cube_FW_F1_V1.8.5/Drivers/CMSIS/Include\cmsis_gcc.h **** #ifndef   __PACKED_STRUCT
  65:C:/Users/14800/STM32Cube/Repository/STM32Cube_FW_F1_V1.8.5/Drivers/CMSIS/Include\cmsis_gcc.h ****   #define __PACKED_STRUCT                        struct __attribute__((packed, aligned(1)))
  66:C:/Users/14800/STM32Cube/Repository/STM32Cube_FW_F1_V1.8.5/Drivers/CMSIS/Include\cmsis_gcc.h **** #endif
  67:C:/Users/14800/STM32Cube/Repository/STM32Cube_FW_F1_V1.8.5/Drivers/CMSIS/Include\cmsis_gcc.h **** #ifndef   __PACKED_UNION
  68:C:/Users/14800/STM32Cube/Repository/STM32Cube_FW_F1_V1.8.5/Drivers/CMSIS/Include\cmsis_gcc.h ****   #define __PACKED_UNION                         union __attribute__((packed, aligned(1)))
  69:C:/Users/14800/STM32Cube/Repository/STM32Cube_FW_F1_V1.8.5/Drivers/CMSIS/Include\cmsis_gcc.h **** #endif
  70:C:/Users/14800/STM32Cube/Repository/STM32Cube_FW_F1_V1.8.5/Drivers/CMSIS/Include\cmsis_gcc.h **** #ifndef   __UNALIGNED_UINT32        /* deprecated */
  71:C:/Users/14800/STM32Cube/Repository/STM32Cube_FW_F1_V1.8.5/Drivers/CMSIS/Include\cmsis_gcc.h ****   #pragma GCC diagnostic push
  72:C:/Users/14800/STM32Cube/Repository/STM32Cube_FW_F1_V1.8.5/Drivers/CMSIS/Include\cmsis_gcc.h ****   #pragma GCC diagnostic ignored "-Wpacked"
  73:C:/Users/14800/STM32Cube/Repository/STM32Cube_FW_F1_V1.8.5/Drivers/CMSIS/Include\cmsis_gcc.h ****   #pragma GCC diagnostic ignored "-Wattributes"
  74:C:/Users/14800/STM32Cube/Repository/STM32Cube_FW_F1_V1.8.5/Drivers/CMSIS/Include\cmsis_gcc.h ****   struct __attribute__((packed)) T_UINT32 { uint32_t v; };
  75:C:/Users/14800/STM32Cube/Repository/STM32Cube_FW_F1_V1.8.5/Drivers/CMSIS/Include\cmsis_gcc.h ****   #pragma GCC diagnostic pop
  76:C:/Users/14800/STM32Cube/Repository/STM32Cube_FW_F1_V1.8.5/Drivers/CMSIS/Include\cmsis_gcc.h ****   #define __UNALIGNED_UINT32(x)                  (((struct T_UINT32 *)(x))->v)
  77:C:/Users/14800/STM32Cube/Repository/STM32Cube_FW_F1_V1.8.5/Drivers/CMSIS/Include\cmsis_gcc.h **** #endif
  78:C:/Users/14800/STM32Cube/Repository/STM32Cube_FW_F1_V1.8.5/Drivers/CMSIS/Include\cmsis_gcc.h **** #ifndef   __UNALIGNED_UINT16_WRITE
  79:C:/Users/14800/STM32Cube/Repository/STM32Cube_FW_F1_V1.8.5/Drivers/CMSIS/Include\cmsis_gcc.h ****   #pragma GCC diagnostic push
  80:C:/Users/14800/STM32Cube/Repository/STM32Cube_FW_F1_V1.8.5/Drivers/CMSIS/Include\cmsis_gcc.h ****   #pragma GCC diagnostic ignored "-Wpacked"
  81:C:/Users/14800/STM32Cube/Repository/STM32Cube_FW_F1_V1.8.5/Drivers/CMSIS/Include\cmsis_gcc.h ****   #pragma GCC diagnostic ignored "-Wattributes"
  82:C:/Users/14800/STM32Cube/Repository/STM32Cube_FW_F1_V1.8.5/Drivers/CMSIS/Include\cmsis_gcc.h ****   __PACKED_STRUCT T_UINT16_WRITE { uint16_t v; };
  83:C:/Users/14800/STM32Cube/Repository/STM32Cube_FW_F1_V1.8.5/Drivers/CMSIS/Include\cmsis_gcc.h ****   #pragma GCC diagnostic pop
  84:C:/Users/14800/STM32Cube/Repository/STM32Cube_FW_F1_V1.8.5/Drivers/CMSIS/Include\cmsis_gcc.h ****   #define __UNALIGNED_UINT16_WRITE(addr, val)    (void)((((struct T_UINT16_WRITE *)(void *)(addr))-
  85:C:/Users/14800/STM32Cube/Repository/STM32Cube_FW_F1_V1.8.5/Drivers/CMSIS/Include\cmsis_gcc.h **** #endif
  86:C:/Users/14800/STM32Cube/Repository/STM32Cube_FW_F1_V1.8.5/Drivers/CMSIS/Include\cmsis_gcc.h **** #ifndef   __UNALIGNED_UINT16_READ
  87:C:/Users/14800/STM32Cube/Repository/STM32Cube_FW_F1_V1.8.5/Drivers/CMSIS/Include\cmsis_gcc.h ****   #pragma GCC diagnostic push
  88:C:/Users/14800/STM32Cube/Repository/STM32Cube_FW_F1_V1.8.5/Drivers/CMSIS/Include\cmsis_gcc.h ****   #pragma GCC diagnostic ignored "-Wpacked"
  89:C:/Users/14800/STM32Cube/Repository/STM32Cube_FW_F1_V1.8.5/Drivers/CMSIS/Include\cmsis_gcc.h ****   #pragma GCC diagnostic ignored "-Wattributes"
  90:C:/Users/14800/STM32Cube/Repository/STM32Cube_FW_F1_V1.8.5/Drivers/CMSIS/Include\cmsis_gcc.h ****   __PACKED_STRUCT T_UINT16_READ { uint16_t v; };
  91:C:/Users/14800/STM32Cube/Repository/STM32Cube_FW_F1_V1.8.5/Drivers/CMSIS/Include\cmsis_gcc.h ****   #pragma GCC diagnostic pop
ARM GAS  C:\Users\14800\AppData\Local\Temp\ccDn7x1p.s 			page 7


  92:C:/Users/14800/STM32Cube/Repository/STM32Cube_FW_F1_V1.8.5/Drivers/CMSIS/Include\cmsis_gcc.h ****   #define __UNALIGNED_UINT16_READ(addr)          (((const struct T_UINT16_READ *)(const void *)(add
  93:C:/Users/14800/STM32Cube/Repository/STM32Cube_FW_F1_V1.8.5/Drivers/CMSIS/Include\cmsis_gcc.h **** #endif
  94:C:/Users/14800/STM32Cube/Repository/STM32Cube_FW_F1_V1.8.5/Drivers/CMSIS/Include\cmsis_gcc.h **** #ifndef   __UNALIGNED_UINT32_WRITE
  95:C:/Users/14800/STM32Cube/Repository/STM32Cube_FW_F1_V1.8.5/Drivers/CMSIS/Include\cmsis_gcc.h ****   #pragma GCC diagnostic push
  96:C:/Users/14800/STM32Cube/Repository/STM32Cube_FW_F1_V1.8.5/Drivers/CMSIS/Include\cmsis_gcc.h ****   #pragma GCC diagnostic ignored "-Wpacked"
  97:C:/Users/14800/STM32Cube/Repository/STM32Cube_FW_F1_V1.8.5/Drivers/CMSIS/Include\cmsis_gcc.h ****   #pragma GCC diagnostic ignored "-Wattributes"
  98:C:/Users/14800/STM32Cube/Repository/STM32Cube_FW_F1_V1.8.5/Drivers/CMSIS/Include\cmsis_gcc.h ****   __PACKED_STRUCT T_UINT32_WRITE { uint32_t v; };
  99:C:/Users/14800/STM32Cube/Repository/STM32Cube_FW_F1_V1.8.5/Drivers/CMSIS/Include\cmsis_gcc.h ****   #pragma GCC diagnostic pop
 100:C:/Users/14800/STM32Cube/Repository/STM32Cube_FW_F1_V1.8.5/Drivers/CMSIS/Include\cmsis_gcc.h ****   #define __UNALIGNED_UINT32_WRITE(addr, val)    (void)((((struct T_UINT32_WRITE *)(void *)(addr))-
 101:C:/Users/14800/STM32Cube/Repository/STM32Cube_FW_F1_V1.8.5/Drivers/CMSIS/Include\cmsis_gcc.h **** #endif
 102:C:/Users/14800/STM32Cube/Repository/STM32Cube_FW_F1_V1.8.5/Drivers/CMSIS/Include\cmsis_gcc.h **** #ifndef   __UNALIGNED_UINT32_READ
 103:C:/Users/14800/STM32Cube/Repository/STM32Cube_FW_F1_V1.8.5/Drivers/CMSIS/Include\cmsis_gcc.h ****   #pragma GCC diagnostic push
 104:C:/Users/14800/STM32Cube/Repository/STM32Cube_FW_F1_V1.8.5/Drivers/CMSIS/Include\cmsis_gcc.h ****   #pragma GCC diagnostic ignored "-Wpacked"
 105:C:/Users/14800/STM32Cube/Repository/STM32Cube_FW_F1_V1.8.5/Drivers/CMSIS/Include\cmsis_gcc.h ****   #pragma GCC diagnostic ignored "-Wattributes"
 106:C:/Users/14800/STM32Cube/Repository/STM32Cube_FW_F1_V1.8.5/Drivers/CMSIS/Include\cmsis_gcc.h ****   __PACKED_STRUCT T_UINT32_READ { uint32_t v; };
 107:C:/Users/14800/STM32Cube/Repository/STM32Cube_FW_F1_V1.8.5/Drivers/CMSIS/Include\cmsis_gcc.h ****   #pragma GCC diagnostic pop
 108:C:/Users/14800/STM32Cube/Repository/STM32Cube_FW_F1_V1.8.5/Drivers/CMSIS/Include\cmsis_gcc.h ****   #define __UNALIGNED_UINT32_READ(addr)          (((const struct T_UINT32_READ *)(const void *)(add
 109:C:/Users/14800/STM32Cube/Repository/STM32Cube_FW_F1_V1.8.5/Drivers/CMSIS/Include\cmsis_gcc.h **** #endif
 110:C:/Users/14800/STM32Cube/Repository/STM32Cube_FW_F1_V1.8.5/Drivers/CMSIS/Include\cmsis_gcc.h **** #ifndef   __ALIGNED
 111:C:/Users/14800/STM32Cube/Repository/STM32Cube_FW_F1_V1.8.5/Drivers/CMSIS/Include\cmsis_gcc.h ****   #define __ALIGNED(x)                           __attribute__((aligned(x)))
 112:C:/Users/14800/STM32Cube/Repository/STM32Cube_FW_F1_V1.8.5/Drivers/CMSIS/Include\cmsis_gcc.h **** #endif
 113:C:/Users/14800/STM32Cube/Repository/STM32Cube_FW_F1_V1.8.5/Drivers/CMSIS/Include\cmsis_gcc.h **** #ifndef   __RESTRICT
 114:C:/Users/14800/STM32Cube/Repository/STM32Cube_FW_F1_V1.8.5/Drivers/CMSIS/Include\cmsis_gcc.h ****   #define __RESTRICT                             __restrict
 115:C:/Users/14800/STM32Cube/Repository/STM32Cube_FW_F1_V1.8.5/Drivers/CMSIS/Include\cmsis_gcc.h **** #endif
 116:C:/Users/14800/STM32Cube/Repository/STM32Cube_FW_F1_V1.8.5/Drivers/CMSIS/Include\cmsis_gcc.h **** 
 117:C:/Users/14800/STM32Cube/Repository/STM32Cube_FW_F1_V1.8.5/Drivers/CMSIS/Include\cmsis_gcc.h **** 
 118:C:/Users/14800/STM32Cube/Repository/STM32Cube_FW_F1_V1.8.5/Drivers/CMSIS/Include\cmsis_gcc.h **** /* ###########################  Core Function Access  ########################### */
 119:C:/Users/14800/STM32Cube/Repository/STM32Cube_FW_F1_V1.8.5/Drivers/CMSIS/Include\cmsis_gcc.h **** /** \ingroup  CMSIS_Core_FunctionInterface
 120:C:/Users/14800/STM32Cube/Repository/STM32Cube_FW_F1_V1.8.5/Drivers/CMSIS/Include\cmsis_gcc.h ****     \defgroup CMSIS_Core_RegAccFunctions CMSIS Core Register Access Functions
 121:C:/Users/14800/STM32Cube/Repository/STM32Cube_FW_F1_V1.8.5/Drivers/CMSIS/Include\cmsis_gcc.h ****   @{
 122:C:/Users/14800/STM32Cube/Repository/STM32Cube_FW_F1_V1.8.5/Drivers/CMSIS/Include\cmsis_gcc.h ****  */
 123:C:/Users/14800/STM32Cube/Repository/STM32Cube_FW_F1_V1.8.5/Drivers/CMSIS/Include\cmsis_gcc.h **** 
 124:C:/Users/14800/STM32Cube/Repository/STM32Cube_FW_F1_V1.8.5/Drivers/CMSIS/Include\cmsis_gcc.h **** /**
 125:C:/Users/14800/STM32Cube/Repository/STM32Cube_FW_F1_V1.8.5/Drivers/CMSIS/Include\cmsis_gcc.h ****   \brief   Enable IRQ Interrupts
 126:C:/Users/14800/STM32Cube/Repository/STM32Cube_FW_F1_V1.8.5/Drivers/CMSIS/Include\cmsis_gcc.h ****   \details Enables IRQ interrupts by clearing the I-bit in the CPSR.
 127:C:/Users/14800/STM32Cube/Repository/STM32Cube_FW_F1_V1.8.5/Drivers/CMSIS/Include\cmsis_gcc.h ****            Can only be executed in Privileged modes.
 128:C:/Users/14800/STM32Cube/Repository/STM32Cube_FW_F1_V1.8.5/Drivers/CMSIS/Include\cmsis_gcc.h ****  */
 129:C:/Users/14800/STM32Cube/Repository/STM32Cube_FW_F1_V1.8.5/Drivers/CMSIS/Include\cmsis_gcc.h **** __STATIC_FORCEINLINE void __enable_irq(void)
 130:C:/Users/14800/STM32Cube/Repository/STM32Cube_FW_F1_V1.8.5/Drivers/CMSIS/Include\cmsis_gcc.h **** {
 131:C:/Users/14800/STM32Cube/Repository/STM32Cube_FW_F1_V1.8.5/Drivers/CMSIS/Include\cmsis_gcc.h ****   __ASM volatile ("cpsie i" : : : "memory");
 132:C:/Users/14800/STM32Cube/Repository/STM32Cube_FW_F1_V1.8.5/Drivers/CMSIS/Include\cmsis_gcc.h **** }
 133:C:/Users/14800/STM32Cube/Repository/STM32Cube_FW_F1_V1.8.5/Drivers/CMSIS/Include\cmsis_gcc.h **** 
 134:C:/Users/14800/STM32Cube/Repository/STM32Cube_FW_F1_V1.8.5/Drivers/CMSIS/Include\cmsis_gcc.h **** 
 135:C:/Users/14800/STM32Cube/Repository/STM32Cube_FW_F1_V1.8.5/Drivers/CMSIS/Include\cmsis_gcc.h **** /**
 136:C:/Users/14800/STM32Cube/Repository/STM32Cube_FW_F1_V1.8.5/Drivers/CMSIS/Include\cmsis_gcc.h ****   \brief   Disable IRQ Interrupts
 137:C:/Users/14800/STM32Cube/Repository/STM32Cube_FW_F1_V1.8.5/Drivers/CMSIS/Include\cmsis_gcc.h ****   \details Disables IRQ interrupts by setting the I-bit in the CPSR.
 138:C:/Users/14800/STM32Cube/Repository/STM32Cube_FW_F1_V1.8.5/Drivers/CMSIS/Include\cmsis_gcc.h ****            Can only be executed in Privileged modes.
 139:C:/Users/14800/STM32Cube/Repository/STM32Cube_FW_F1_V1.8.5/Drivers/CMSIS/Include\cmsis_gcc.h ****  */
 140:C:/Users/14800/STM32Cube/Repository/STM32Cube_FW_F1_V1.8.5/Drivers/CMSIS/Include\cmsis_gcc.h **** __STATIC_FORCEINLINE void __disable_irq(void)
  83              		.loc 2 140 27 view .LVU10
  84              	.LBB5:
 141:C:/Users/14800/STM32Cube/Repository/STM32Cube_FW_F1_V1.8.5/Drivers/CMSIS/Include\cmsis_gcc.h **** {
 142:C:/Users/14800/STM32Cube/Repository/STM32Cube_FW_F1_V1.8.5/Drivers/CMSIS/Include\cmsis_gcc.h ****   __ASM volatile ("cpsid i" : : : "memory");
  85              		.loc 2 142 3 view .LVU11
  86              		.syntax unified
  87              	@ 142 "C:/Users/14800/STM32Cube/Repository/STM32Cube_FW_F1_V1.8.5/Drivers/CMSIS/Include/cmsis_gcc.h
  88 0000 72B6     		cpsid i
ARM GAS  C:\Users\14800\AppData\Local\Temp\ccDn7x1p.s 			page 8


  89              	@ 0 "" 2
  90              		.thumb
  91              		.syntax unified
  92              	.L8:
  93              	.LBE5:
  94              	.LBE4:
 172:Core/Src/main.c ****   while (1) {
  95              		.loc 1 172 3 discriminator 1 view .LVU12
 173:Core/Src/main.c ****   }
  96              		.loc 1 173 3 discriminator 1 view .LVU13
 172:Core/Src/main.c ****   while (1) {
  97              		.loc 1 172 9 discriminator 1 view .LVU14
  98 0002 FEE7     		b	.L8
  99              		.cfi_endproc
 100              	.LFE68:
 102              		.section	.text.SystemClock_Config,"ax",%progbits
 103              		.align	1
 104              		.global	SystemClock_Config
 105              		.syntax unified
 106              		.thumb
 107              		.thumb_func
 108              		.fpu softvfp
 110              	SystemClock_Config:
 111              	.LFB66:
 108:Core/Src/main.c ****   RCC_OscInitTypeDef RCC_OscInitStruct = {0};
 112              		.loc 1 108 31 view -0
 113              		.cfi_startproc
 114              		@ args = 0, pretend = 0, frame = 64
 115              		@ frame_needed = 0, uses_anonymous_args = 0
 116 0000 00B5     		push	{lr}
 117              	.LCFI1:
 118              		.cfi_def_cfa_offset 4
 119              		.cfi_offset 14, -4
 120 0002 91B0     		sub	sp, sp, #68
 121              	.LCFI2:
 122              		.cfi_def_cfa_offset 72
 109:Core/Src/main.c ****   RCC_ClkInitTypeDef RCC_ClkInitStruct = {0};
 123              		.loc 1 109 3 view .LVU16
 109:Core/Src/main.c ****   RCC_ClkInitTypeDef RCC_ClkInitStruct = {0};
 124              		.loc 1 109 22 is_stmt 0 view .LVU17
 125 0004 2822     		movs	r2, #40
 126 0006 0021     		movs	r1, #0
 127 0008 06A8     		add	r0, sp, #24
 128 000a FFF7FEFF 		bl	memset
 129              	.LVL4:
 110:Core/Src/main.c **** 
 130              		.loc 1 110 3 is_stmt 1 view .LVU18
 110:Core/Src/main.c **** 
 131              		.loc 1 110 22 is_stmt 0 view .LVU19
 132 000e 0023     		movs	r3, #0
 133 0010 0193     		str	r3, [sp, #4]
 134 0012 0293     		str	r3, [sp, #8]
 135 0014 0393     		str	r3, [sp, #12]
 136 0016 0493     		str	r3, [sp, #16]
 137 0018 0593     		str	r3, [sp, #20]
 115:Core/Src/main.c ****   RCC_OscInitStruct.HSEState = RCC_HSE_ON;
 138              		.loc 1 115 3 is_stmt 1 view .LVU20
ARM GAS  C:\Users\14800\AppData\Local\Temp\ccDn7x1p.s 			page 9


 115:Core/Src/main.c ****   RCC_OscInitStruct.HSEState = RCC_HSE_ON;
 139              		.loc 1 115 36 is_stmt 0 view .LVU21
 140 001a 0122     		movs	r2, #1
 141 001c 0692     		str	r2, [sp, #24]
 116:Core/Src/main.c ****   RCC_OscInitStruct.HSEPredivValue = RCC_HSE_PREDIV_DIV1;
 142              		.loc 1 116 3 is_stmt 1 view .LVU22
 116:Core/Src/main.c ****   RCC_OscInitStruct.HSEPredivValue = RCC_HSE_PREDIV_DIV1;
 143              		.loc 1 116 30 is_stmt 0 view .LVU23
 144 001e 4FF48033 		mov	r3, #65536
 145 0022 0793     		str	r3, [sp, #28]
 117:Core/Src/main.c ****   RCC_OscInitStruct.HSIState = RCC_HSI_ON;
 146              		.loc 1 117 3 is_stmt 1 view .LVU24
 118:Core/Src/main.c ****   RCC_OscInitStruct.PLL.PLLState = RCC_PLL_ON;
 147              		.loc 1 118 3 view .LVU25
 118:Core/Src/main.c ****   RCC_OscInitStruct.PLL.PLLState = RCC_PLL_ON;
 148              		.loc 1 118 30 is_stmt 0 view .LVU26
 149 0024 0A92     		str	r2, [sp, #40]
 119:Core/Src/main.c ****   RCC_OscInitStruct.PLL.PLLSource = RCC_PLLSOURCE_HSE;
 150              		.loc 1 119 3 is_stmt 1 view .LVU27
 119:Core/Src/main.c ****   RCC_OscInitStruct.PLL.PLLSource = RCC_PLLSOURCE_HSE;
 151              		.loc 1 119 34 is_stmt 0 view .LVU28
 152 0026 0222     		movs	r2, #2
 153 0028 0D92     		str	r2, [sp, #52]
 120:Core/Src/main.c ****   RCC_OscInitStruct.PLL.PLLMUL = RCC_PLL_MUL9;
 154              		.loc 1 120 3 is_stmt 1 view .LVU29
 120:Core/Src/main.c ****   RCC_OscInitStruct.PLL.PLLMUL = RCC_PLL_MUL9;
 155              		.loc 1 120 35 is_stmt 0 view .LVU30
 156 002a 0E93     		str	r3, [sp, #56]
 121:Core/Src/main.c ****   if (HAL_RCC_OscConfig(&RCC_OscInitStruct) != HAL_OK) {
 157              		.loc 1 121 3 is_stmt 1 view .LVU31
 121:Core/Src/main.c ****   if (HAL_RCC_OscConfig(&RCC_OscInitStruct) != HAL_OK) {
 158              		.loc 1 121 32 is_stmt 0 view .LVU32
 159 002c 4FF4E013 		mov	r3, #1835008
 160 0030 0F93     		str	r3, [sp, #60]
 122:Core/Src/main.c ****     Error_Handler();
 161              		.loc 1 122 3 is_stmt 1 view .LVU33
 122:Core/Src/main.c ****     Error_Handler();
 162              		.loc 1 122 7 is_stmt 0 view .LVU34
 163 0032 06A8     		add	r0, sp, #24
 164 0034 FFF7FEFF 		bl	HAL_RCC_OscConfig
 165              	.LVL5:
 122:Core/Src/main.c ****     Error_Handler();
 166              		.loc 1 122 6 view .LVU35
 167 0038 80B9     		cbnz	r0, .L13
 128:Core/Src/main.c ****                                 | RCC_CLOCKTYPE_PCLK1 | RCC_CLOCKTYPE_PCLK2;
 168              		.loc 1 128 3 is_stmt 1 view .LVU36
 128:Core/Src/main.c ****                                 | RCC_CLOCKTYPE_PCLK1 | RCC_CLOCKTYPE_PCLK2;
 169              		.loc 1 128 31 is_stmt 0 view .LVU37
 170 003a 0F23     		movs	r3, #15
 171 003c 0193     		str	r3, [sp, #4]
 130:Core/Src/main.c ****   RCC_ClkInitStruct.AHBCLKDivider = RCC_SYSCLK_DIV1;
 172              		.loc 1 130 3 is_stmt 1 view .LVU38
 130:Core/Src/main.c ****   RCC_ClkInitStruct.AHBCLKDivider = RCC_SYSCLK_DIV1;
 173              		.loc 1 130 34 is_stmt 0 view .LVU39
 174 003e 0221     		movs	r1, #2
 175 0040 0291     		str	r1, [sp, #8]
 131:Core/Src/main.c ****   RCC_ClkInitStruct.APB1CLKDivider = RCC_HCLK_DIV2;
ARM GAS  C:\Users\14800\AppData\Local\Temp\ccDn7x1p.s 			page 10


 176              		.loc 1 131 3 is_stmt 1 view .LVU40
 131:Core/Src/main.c ****   RCC_ClkInitStruct.APB1CLKDivider = RCC_HCLK_DIV2;
 177              		.loc 1 131 35 is_stmt 0 view .LVU41
 178 0042 0023     		movs	r3, #0
 179 0044 0393     		str	r3, [sp, #12]
 132:Core/Src/main.c ****   RCC_ClkInitStruct.APB2CLKDivider = RCC_HCLK_DIV1;
 180              		.loc 1 132 3 is_stmt 1 view .LVU42
 132:Core/Src/main.c ****   RCC_ClkInitStruct.APB2CLKDivider = RCC_HCLK_DIV1;
 181              		.loc 1 132 36 is_stmt 0 view .LVU43
 182 0046 4FF48062 		mov	r2, #1024
 183 004a 0492     		str	r2, [sp, #16]
 133:Core/Src/main.c **** 
 184              		.loc 1 133 3 is_stmt 1 view .LVU44
 133:Core/Src/main.c **** 
 185              		.loc 1 133 36 is_stmt 0 view .LVU45
 186 004c 0593     		str	r3, [sp, #20]
 135:Core/Src/main.c ****     Error_Handler();
 187              		.loc 1 135 3 is_stmt 1 view .LVU46
 135:Core/Src/main.c ****     Error_Handler();
 188              		.loc 1 135 7 is_stmt 0 view .LVU47
 189 004e 01A8     		add	r0, sp, #4
 190 0050 FFF7FEFF 		bl	HAL_RCC_ClockConfig
 191              	.LVL6:
 135:Core/Src/main.c ****     Error_Handler();
 192              		.loc 1 135 6 view .LVU48
 193 0054 20B9     		cbnz	r0, .L14
 138:Core/Src/main.c **** 
 194              		.loc 1 138 1 view .LVU49
 195 0056 11B0     		add	sp, sp, #68
 196              	.LCFI3:
 197              		.cfi_remember_state
 198              		.cfi_def_cfa_offset 4
 199              		@ sp needed
 200 0058 5DF804FB 		ldr	pc, [sp], #4
 201              	.L13:
 202              	.LCFI4:
 203              		.cfi_restore_state
 123:Core/Src/main.c ****   }
 204              		.loc 1 123 5 is_stmt 1 view .LVU50
 205 005c FFF7FEFF 		bl	Error_Handler
 206              	.LVL7:
 207              	.L14:
 136:Core/Src/main.c ****   }
 208              		.loc 1 136 5 view .LVU51
 209 0060 FFF7FEFF 		bl	Error_Handler
 210              	.LVL8:
 211              		.cfi_endproc
 212              	.LFE66:
 214              		.section	.rodata.main.str1.4,"aMS",%progbits,1
 215              		.align	2
 216              	.LC0:
 217 0000 484900   		.ascii	"HI\000"
 218              		.section	.text.main,"ax",%progbits
 219              		.align	1
 220              		.global	main
 221              		.syntax unified
 222              		.thumb
ARM GAS  C:\Users\14800\AppData\Local\Temp\ccDn7x1p.s 			page 11


 223              		.thumb_func
 224              		.fpu softvfp
 226              	main:
 227              	.LFB65:
  65:Core/Src/main.c ****   /* USER CODE BEGIN 1 */
 228              		.loc 1 65 16 view -0
 229              		.cfi_startproc
 230              		@ Volatile: function does not return.
 231              		@ args = 0, pretend = 0, frame = 0
 232              		@ frame_needed = 0, uses_anonymous_args = 0
 233 0000 08B5     		push	{r3, lr}
 234              	.LCFI5:
 235              		.cfi_def_cfa_offset 8
 236              		.cfi_offset 3, -8
 237              		.cfi_offset 14, -4
  73:Core/Src/main.c **** 
 238              		.loc 1 73 3 view .LVU53
 239 0002 FFF7FEFF 		bl	HAL_Init
 240              	.LVL9:
  80:Core/Src/main.c **** 
 241              		.loc 1 80 3 view .LVU54
 242 0006 FFF7FEFF 		bl	SystemClock_Config
 243              	.LVL10:
  87:Core/Src/main.c ****   MX_USART1_UART_Init();
 244              		.loc 1 87 3 view .LVU55
 245 000a FFF7FEFF 		bl	MX_GPIO_Init
 246              	.LVL11:
  88:Core/Src/main.c ****   /* USER CODE BEGIN 2 */
 247              		.loc 1 88 3 view .LVU56
 248 000e FFF7FEFF 		bl	MX_USART1_UART_Init
 249              	.LVL12:
 250              	.L16:
  95:Core/Src/main.c ****     /* USER CODE END WHILE */
 251              		.loc 1 95 3 discriminator 1 view .LVU57
  97:Core/Src/main.c ****     HAL_Delay(1000);
 252              		.loc 1 97 5 discriminator 1 view .LVU58
 253 0012 0A23     		movs	r3, #10
 254 0014 0222     		movs	r2, #2
 255 0016 0449     		ldr	r1, .L18
 256 0018 0448     		ldr	r0, .L18+4
 257 001a FFF7FEFF 		bl	HAL_UART_Transmit
 258              	.LVL13:
  98:Core/Src/main.c ****     /* USER CODE BEGIN 3 */
 259              		.loc 1 98 5 discriminator 1 view .LVU59
 260 001e 4FF47A70 		mov	r0, #1000
 261 0022 FFF7FEFF 		bl	HAL_Delay
 262              	.LVL14:
  95:Core/Src/main.c ****     /* USER CODE END WHILE */
 263              		.loc 1 95 9 discriminator 1 view .LVU60
 264 0026 F4E7     		b	.L16
 265              	.L19:
 266              		.align	2
 267              	.L18:
 268 0028 00000000 		.word	.LC0
 269 002c 00000000 		.word	huart1
 270              		.cfi_endproc
 271              	.LFE65:
ARM GAS  C:\Users\14800\AppData\Local\Temp\ccDn7x1p.s 			page 12


 273              		.text
 274              	.Letext0:
 275              		.file 3 "c:\\st\\stm32cubeclt\\gnu-tools-for-stm32\\arm-none-eabi\\include\\machine\\_default_type
 276              		.file 4 "c:\\st\\stm32cubeclt\\gnu-tools-for-stm32\\arm-none-eabi\\include\\sys\\_stdint.h"
 277              		.file 5 "C:/Users/14800/STM32Cube/Repository/STM32Cube_FW_F1_V1.8.5/Drivers/CMSIS/Device/ST/STM32F
 278              		.file 6 "C:/Users/14800/STM32Cube/Repository/STM32Cube_FW_F1_V1.8.5/Drivers/STM32F1xx_HAL_Driver/I
 279              		.file 7 "C:/Users/14800/STM32Cube/Repository/STM32Cube_FW_F1_V1.8.5/Drivers/STM32F1xx_HAL_Driver/I
 280              		.file 8 "C:/Users/14800/STM32Cube/Repository/STM32Cube_FW_F1_V1.8.5/Drivers/STM32F1xx_HAL_Driver/I
 281              		.file 9 "C:/Users/14800/STM32Cube/Repository/STM32Cube_FW_F1_V1.8.5/Drivers/STM32F1xx_HAL_Driver/I
 282              		.file 10 "C:/Users/14800/STM32Cube/Repository/STM32Cube_FW_F1_V1.8.5/Drivers/STM32F1xx_HAL_Driver/
 283              		.file 11 "C:/Users/14800/STM32Cube/Repository/STM32Cube_FW_F1_V1.8.5/Drivers/STM32F1xx_HAL_Driver/
 284              		.file 12 "C:/Users/14800/STM32Cube/Repository/STM32Cube_FW_F1_V1.8.5/Drivers/STM32F1xx_HAL_Driver/
 285              		.file 13 "Core/Inc/gpio.h"
 286              		.file 14 "Core/Inc/usart.h"
 287              		.file 15 "<built-in>"
ARM GAS  C:\Users\14800\AppData\Local\Temp\ccDn7x1p.s 			page 13


DEFINED SYMBOLS
                            *ABS*:00000000 main.c
C:\Users\14800\AppData\Local\Temp\ccDn7x1p.s:16     .text.HAL_TIM_PeriodElapsedCallback:00000000 $t
C:\Users\14800\AppData\Local\Temp\ccDn7x1p.s:24     .text.HAL_TIM_PeriodElapsedCallback:00000000 HAL_TIM_PeriodElapsedCallback
C:\Users\14800\AppData\Local\Temp\ccDn7x1p.s:59     .text.HAL_TIM_PeriodElapsedCallback:00000014 $d
C:\Users\14800\AppData\Local\Temp\ccDn7x1p.s:64     .text.Error_Handler:00000000 $t
C:\Users\14800\AppData\Local\Temp\ccDn7x1p.s:71     .text.Error_Handler:00000000 Error_Handler
C:\Users\14800\AppData\Local\Temp\ccDn7x1p.s:103    .text.SystemClock_Config:00000000 $t
C:\Users\14800\AppData\Local\Temp\ccDn7x1p.s:110    .text.SystemClock_Config:00000000 SystemClock_Config
C:\Users\14800\AppData\Local\Temp\ccDn7x1p.s:215    .rodata.main.str1.4:00000000 $d
C:\Users\14800\AppData\Local\Temp\ccDn7x1p.s:219    .text.main:00000000 $t
C:\Users\14800\AppData\Local\Temp\ccDn7x1p.s:226    .text.main:00000000 main
C:\Users\14800\AppData\Local\Temp\ccDn7x1p.s:268    .text.main:00000028 $d

UNDEFINED SYMBOLS
HAL_IncTick
memset
HAL_RCC_OscConfig
HAL_RCC_ClockConfig
HAL_Init
MX_GPIO_Init
MX_USART1_UART_Init
HAL_UART_Transmit
HAL_Delay
huart1
