ARM GAS  C:\Users\14800\AppData\Local\Temp\ccdC4pTb.s 			page 1


   1              		.cpu cortex-m3
   2              		.eabi_attribute 20, 1
   3              		.eabi_attribute 21, 1
   4              		.eabi_attribute 23, 3
   5              		.eabi_attribute 24, 1
   6              		.eabi_attribute 25, 1
   7              		.eabi_attribute 26, 1
   8              		.eabi_attribute 30, 1
   9              		.eabi_attribute 34, 1
  10              		.eabi_attribute 18, 4
  11              		.file	"stm32f1xx_hal_gpio_ex.c"
  12              		.text
  13              	.Ltext0:
  14              		.cfi_sections	.debug_frame
  15              		.section	.text.HAL_GPIOEx_ConfigEventout,"ax",%progbits
  16              		.align	1
  17              		.global	HAL_GPIOEx_ConfigEventout
  18              		.arch armv7-m
  19              		.syntax unified
  20              		.thumb
  21              		.thumb_func
  22              		.fpu softvfp
  24              	HAL_GPIOEx_ConfigEventout:
  25              	.LVL0:
  26              	.LFB65:
  27              		.file 1 "C:/Users/14800/STM32Cube/Repository/STM32Cube_FW_F1_V1.8.5/Drivers/STM32F1xx_HAL_Driver/S
   1:C:/Users/14800/STM32Cube/Repository/STM32Cube_FW_F1_V1.8.5/Drivers/STM32F1xx_HAL_Driver/Src\stm32f1xx_hal_gpio_ex.c **** /**
   2:C:/Users/14800/STM32Cube/Repository/STM32Cube_FW_F1_V1.8.5/Drivers/STM32F1xx_HAL_Driver/Src\stm32f1xx_hal_gpio_ex.c ****   ******************************************************************************
   3:C:/Users/14800/STM32Cube/Repository/STM32Cube_FW_F1_V1.8.5/Drivers/STM32F1xx_HAL_Driver/Src\stm32f1xx_hal_gpio_ex.c ****   * @file    stm32f1xx_hal_gpio_ex.c
   4:C:/Users/14800/STM32Cube/Repository/STM32Cube_FW_F1_V1.8.5/Drivers/STM32F1xx_HAL_Driver/Src\stm32f1xx_hal_gpio_ex.c ****   * @author  MCD Application Team
   5:C:/Users/14800/STM32Cube/Repository/STM32Cube_FW_F1_V1.8.5/Drivers/STM32F1xx_HAL_Driver/Src\stm32f1xx_hal_gpio_ex.c ****   * @brief   GPIO Extension HAL module driver.
   6:C:/Users/14800/STM32Cube/Repository/STM32Cube_FW_F1_V1.8.5/Drivers/STM32F1xx_HAL_Driver/Src\stm32f1xx_hal_gpio_ex.c ****   *         This file provides firmware functions to manage the following
   7:C:/Users/14800/STM32Cube/Repository/STM32Cube_FW_F1_V1.8.5/Drivers/STM32F1xx_HAL_Driver/Src\stm32f1xx_hal_gpio_ex.c ****   *          functionalities of the General Purpose Input/Output (GPIO) extension peripheral.
   8:C:/Users/14800/STM32Cube/Repository/STM32Cube_FW_F1_V1.8.5/Drivers/STM32F1xx_HAL_Driver/Src\stm32f1xx_hal_gpio_ex.c ****   *           + Extended features functions
   9:C:/Users/14800/STM32Cube/Repository/STM32Cube_FW_F1_V1.8.5/Drivers/STM32F1xx_HAL_Driver/Src\stm32f1xx_hal_gpio_ex.c ****   *
  10:C:/Users/14800/STM32Cube/Repository/STM32Cube_FW_F1_V1.8.5/Drivers/STM32F1xx_HAL_Driver/Src\stm32f1xx_hal_gpio_ex.c ****   ******************************************************************************
  11:C:/Users/14800/STM32Cube/Repository/STM32Cube_FW_F1_V1.8.5/Drivers/STM32F1xx_HAL_Driver/Src\stm32f1xx_hal_gpio_ex.c ****   * @attention
  12:C:/Users/14800/STM32Cube/Repository/STM32Cube_FW_F1_V1.8.5/Drivers/STM32F1xx_HAL_Driver/Src\stm32f1xx_hal_gpio_ex.c ****   *
  13:C:/Users/14800/STM32Cube/Repository/STM32Cube_FW_F1_V1.8.5/Drivers/STM32F1xx_HAL_Driver/Src\stm32f1xx_hal_gpio_ex.c ****   * Copyright (c) 2016 STMicroelectronics.
  14:C:/Users/14800/STM32Cube/Repository/STM32Cube_FW_F1_V1.8.5/Drivers/STM32F1xx_HAL_Driver/Src\stm32f1xx_hal_gpio_ex.c ****   * All rights reserved.
  15:C:/Users/14800/STM32Cube/Repository/STM32Cube_FW_F1_V1.8.5/Drivers/STM32F1xx_HAL_Driver/Src\stm32f1xx_hal_gpio_ex.c ****   *
  16:C:/Users/14800/STM32Cube/Repository/STM32Cube_FW_F1_V1.8.5/Drivers/STM32F1xx_HAL_Driver/Src\stm32f1xx_hal_gpio_ex.c ****   * This software is licensed under terms that can be found in the LICENSE file
  17:C:/Users/14800/STM32Cube/Repository/STM32Cube_FW_F1_V1.8.5/Drivers/STM32F1xx_HAL_Driver/Src\stm32f1xx_hal_gpio_ex.c ****   * in the root directory of this software component.
  18:C:/Users/14800/STM32Cube/Repository/STM32Cube_FW_F1_V1.8.5/Drivers/STM32F1xx_HAL_Driver/Src\stm32f1xx_hal_gpio_ex.c ****   * If no LICENSE file comes with this software, it is provided AS-IS.
  19:C:/Users/14800/STM32Cube/Repository/STM32Cube_FW_F1_V1.8.5/Drivers/STM32F1xx_HAL_Driver/Src\stm32f1xx_hal_gpio_ex.c ****   *
  20:C:/Users/14800/STM32Cube/Repository/STM32Cube_FW_F1_V1.8.5/Drivers/STM32F1xx_HAL_Driver/Src\stm32f1xx_hal_gpio_ex.c ****   ******************************************************************************
  21:C:/Users/14800/STM32Cube/Repository/STM32Cube_FW_F1_V1.8.5/Drivers/STM32F1xx_HAL_Driver/Src\stm32f1xx_hal_gpio_ex.c ****   @verbatim
  22:C:/Users/14800/STM32Cube/Repository/STM32Cube_FW_F1_V1.8.5/Drivers/STM32F1xx_HAL_Driver/Src\stm32f1xx_hal_gpio_ex.c ****   ==============================================================================
  23:C:/Users/14800/STM32Cube/Repository/STM32Cube_FW_F1_V1.8.5/Drivers/STM32F1xx_HAL_Driver/Src\stm32f1xx_hal_gpio_ex.c ****                     ##### GPIO Peripheral extension features #####
  24:C:/Users/14800/STM32Cube/Repository/STM32Cube_FW_F1_V1.8.5/Drivers/STM32F1xx_HAL_Driver/Src\stm32f1xx_hal_gpio_ex.c ****   ==============================================================================
  25:C:/Users/14800/STM32Cube/Repository/STM32Cube_FW_F1_V1.8.5/Drivers/STM32F1xx_HAL_Driver/Src\stm32f1xx_hal_gpio_ex.c ****   [..] GPIO module on STM32F1 family, manage also the AFIO register:
  26:C:/Users/14800/STM32Cube/Repository/STM32Cube_FW_F1_V1.8.5/Drivers/STM32F1xx_HAL_Driver/Src\stm32f1xx_hal_gpio_ex.c ****        (+) Possibility to use the EVENTOUT Cortex feature
  27:C:/Users/14800/STM32Cube/Repository/STM32Cube_FW_F1_V1.8.5/Drivers/STM32F1xx_HAL_Driver/Src\stm32f1xx_hal_gpio_ex.c **** 
  28:C:/Users/14800/STM32Cube/Repository/STM32Cube_FW_F1_V1.8.5/Drivers/STM32F1xx_HAL_Driver/Src\stm32f1xx_hal_gpio_ex.c ****                      ##### How to use this driver #####
  29:C:/Users/14800/STM32Cube/Repository/STM32Cube_FW_F1_V1.8.5/Drivers/STM32F1xx_HAL_Driver/Src\stm32f1xx_hal_gpio_ex.c ****   ==============================================================================
  30:C:/Users/14800/STM32Cube/Repository/STM32Cube_FW_F1_V1.8.5/Drivers/STM32F1xx_HAL_Driver/Src\stm32f1xx_hal_gpio_ex.c ****   [..] This driver provides functions to use EVENTOUT Cortex feature
  31:C:/Users/14800/STM32Cube/Repository/STM32Cube_FW_F1_V1.8.5/Drivers/STM32F1xx_HAL_Driver/Src\stm32f1xx_hal_gpio_ex.c ****     (#) Configure EVENTOUT Cortex feature using the function HAL_GPIOEx_ConfigEventout()
ARM GAS  C:\Users\14800\AppData\Local\Temp\ccdC4pTb.s 			page 2


  32:C:/Users/14800/STM32Cube/Repository/STM32Cube_FW_F1_V1.8.5/Drivers/STM32F1xx_HAL_Driver/Src\stm32f1xx_hal_gpio_ex.c ****     (#) Activate EVENTOUT Cortex feature using the HAL_GPIOEx_EnableEventout()
  33:C:/Users/14800/STM32Cube/Repository/STM32Cube_FW_F1_V1.8.5/Drivers/STM32F1xx_HAL_Driver/Src\stm32f1xx_hal_gpio_ex.c ****     (#) Deactivate EVENTOUT Cortex feature using the HAL_GPIOEx_DisableEventout()
  34:C:/Users/14800/STM32Cube/Repository/STM32Cube_FW_F1_V1.8.5/Drivers/STM32F1xx_HAL_Driver/Src\stm32f1xx_hal_gpio_ex.c **** 
  35:C:/Users/14800/STM32Cube/Repository/STM32Cube_FW_F1_V1.8.5/Drivers/STM32F1xx_HAL_Driver/Src\stm32f1xx_hal_gpio_ex.c ****   @endverbatim
  36:C:/Users/14800/STM32Cube/Repository/STM32Cube_FW_F1_V1.8.5/Drivers/STM32F1xx_HAL_Driver/Src\stm32f1xx_hal_gpio_ex.c ****   ******************************************************************************
  37:C:/Users/14800/STM32Cube/Repository/STM32Cube_FW_F1_V1.8.5/Drivers/STM32F1xx_HAL_Driver/Src\stm32f1xx_hal_gpio_ex.c ****   */
  38:C:/Users/14800/STM32Cube/Repository/STM32Cube_FW_F1_V1.8.5/Drivers/STM32F1xx_HAL_Driver/Src\stm32f1xx_hal_gpio_ex.c **** 
  39:C:/Users/14800/STM32Cube/Repository/STM32Cube_FW_F1_V1.8.5/Drivers/STM32F1xx_HAL_Driver/Src\stm32f1xx_hal_gpio_ex.c **** /* Includes ------------------------------------------------------------------*/
  40:C:/Users/14800/STM32Cube/Repository/STM32Cube_FW_F1_V1.8.5/Drivers/STM32F1xx_HAL_Driver/Src\stm32f1xx_hal_gpio_ex.c **** #include "stm32f1xx_hal.h"
  41:C:/Users/14800/STM32Cube/Repository/STM32Cube_FW_F1_V1.8.5/Drivers/STM32F1xx_HAL_Driver/Src\stm32f1xx_hal_gpio_ex.c **** 
  42:C:/Users/14800/STM32Cube/Repository/STM32Cube_FW_F1_V1.8.5/Drivers/STM32F1xx_HAL_Driver/Src\stm32f1xx_hal_gpio_ex.c **** /** @addtogroup STM32F1xx_HAL_Driver
  43:C:/Users/14800/STM32Cube/Repository/STM32Cube_FW_F1_V1.8.5/Drivers/STM32F1xx_HAL_Driver/Src\stm32f1xx_hal_gpio_ex.c ****   * @{
  44:C:/Users/14800/STM32Cube/Repository/STM32Cube_FW_F1_V1.8.5/Drivers/STM32F1xx_HAL_Driver/Src\stm32f1xx_hal_gpio_ex.c ****   */
  45:C:/Users/14800/STM32Cube/Repository/STM32Cube_FW_F1_V1.8.5/Drivers/STM32F1xx_HAL_Driver/Src\stm32f1xx_hal_gpio_ex.c **** 
  46:C:/Users/14800/STM32Cube/Repository/STM32Cube_FW_F1_V1.8.5/Drivers/STM32F1xx_HAL_Driver/Src\stm32f1xx_hal_gpio_ex.c **** /** @defgroup GPIOEx GPIOEx
  47:C:/Users/14800/STM32Cube/Repository/STM32Cube_FW_F1_V1.8.5/Drivers/STM32F1xx_HAL_Driver/Src\stm32f1xx_hal_gpio_ex.c ****   * @brief GPIO HAL module driver
  48:C:/Users/14800/STM32Cube/Repository/STM32Cube_FW_F1_V1.8.5/Drivers/STM32F1xx_HAL_Driver/Src\stm32f1xx_hal_gpio_ex.c ****   * @{
  49:C:/Users/14800/STM32Cube/Repository/STM32Cube_FW_F1_V1.8.5/Drivers/STM32F1xx_HAL_Driver/Src\stm32f1xx_hal_gpio_ex.c ****   */
  50:C:/Users/14800/STM32Cube/Repository/STM32Cube_FW_F1_V1.8.5/Drivers/STM32F1xx_HAL_Driver/Src\stm32f1xx_hal_gpio_ex.c **** 
  51:C:/Users/14800/STM32Cube/Repository/STM32Cube_FW_F1_V1.8.5/Drivers/STM32F1xx_HAL_Driver/Src\stm32f1xx_hal_gpio_ex.c **** #ifdef HAL_GPIO_MODULE_ENABLED
  52:C:/Users/14800/STM32Cube/Repository/STM32Cube_FW_F1_V1.8.5/Drivers/STM32F1xx_HAL_Driver/Src\stm32f1xx_hal_gpio_ex.c **** 
  53:C:/Users/14800/STM32Cube/Repository/STM32Cube_FW_F1_V1.8.5/Drivers/STM32F1xx_HAL_Driver/Src\stm32f1xx_hal_gpio_ex.c **** /** @defgroup GPIOEx_Exported_Functions GPIOEx Exported Functions
  54:C:/Users/14800/STM32Cube/Repository/STM32Cube_FW_F1_V1.8.5/Drivers/STM32F1xx_HAL_Driver/Src\stm32f1xx_hal_gpio_ex.c ****   * @{
  55:C:/Users/14800/STM32Cube/Repository/STM32Cube_FW_F1_V1.8.5/Drivers/STM32F1xx_HAL_Driver/Src\stm32f1xx_hal_gpio_ex.c ****   */
  56:C:/Users/14800/STM32Cube/Repository/STM32Cube_FW_F1_V1.8.5/Drivers/STM32F1xx_HAL_Driver/Src\stm32f1xx_hal_gpio_ex.c **** 
  57:C:/Users/14800/STM32Cube/Repository/STM32Cube_FW_F1_V1.8.5/Drivers/STM32F1xx_HAL_Driver/Src\stm32f1xx_hal_gpio_ex.c **** /** @defgroup GPIOEx_Exported_Functions_Group1 Extended features functions
  58:C:/Users/14800/STM32Cube/Repository/STM32Cube_FW_F1_V1.8.5/Drivers/STM32F1xx_HAL_Driver/Src\stm32f1xx_hal_gpio_ex.c ****  *  @brief    Extended features functions
  59:C:/Users/14800/STM32Cube/Repository/STM32Cube_FW_F1_V1.8.5/Drivers/STM32F1xx_HAL_Driver/Src\stm32f1xx_hal_gpio_ex.c ****  *
  60:C:/Users/14800/STM32Cube/Repository/STM32Cube_FW_F1_V1.8.5/Drivers/STM32F1xx_HAL_Driver/Src\stm32f1xx_hal_gpio_ex.c **** @verbatim
  61:C:/Users/14800/STM32Cube/Repository/STM32Cube_FW_F1_V1.8.5/Drivers/STM32F1xx_HAL_Driver/Src\stm32f1xx_hal_gpio_ex.c ****   ==============================================================================
  62:C:/Users/14800/STM32Cube/Repository/STM32Cube_FW_F1_V1.8.5/Drivers/STM32F1xx_HAL_Driver/Src\stm32f1xx_hal_gpio_ex.c ****                  ##### Extended features functions #####
  63:C:/Users/14800/STM32Cube/Repository/STM32Cube_FW_F1_V1.8.5/Drivers/STM32F1xx_HAL_Driver/Src\stm32f1xx_hal_gpio_ex.c ****   ==============================================================================
  64:C:/Users/14800/STM32Cube/Repository/STM32Cube_FW_F1_V1.8.5/Drivers/STM32F1xx_HAL_Driver/Src\stm32f1xx_hal_gpio_ex.c ****     [..]  This section provides functions allowing to:
  65:C:/Users/14800/STM32Cube/Repository/STM32Cube_FW_F1_V1.8.5/Drivers/STM32F1xx_HAL_Driver/Src\stm32f1xx_hal_gpio_ex.c ****     (+) Configure EVENTOUT Cortex feature using the function HAL_GPIOEx_ConfigEventout()
  66:C:/Users/14800/STM32Cube/Repository/STM32Cube_FW_F1_V1.8.5/Drivers/STM32F1xx_HAL_Driver/Src\stm32f1xx_hal_gpio_ex.c ****     (+) Activate EVENTOUT Cortex feature using the HAL_GPIOEx_EnableEventout()
  67:C:/Users/14800/STM32Cube/Repository/STM32Cube_FW_F1_V1.8.5/Drivers/STM32F1xx_HAL_Driver/Src\stm32f1xx_hal_gpio_ex.c ****     (+) Deactivate EVENTOUT Cortex feature using the HAL_GPIOEx_DisableEventout()
  68:C:/Users/14800/STM32Cube/Repository/STM32Cube_FW_F1_V1.8.5/Drivers/STM32F1xx_HAL_Driver/Src\stm32f1xx_hal_gpio_ex.c **** 
  69:C:/Users/14800/STM32Cube/Repository/STM32Cube_FW_F1_V1.8.5/Drivers/STM32F1xx_HAL_Driver/Src\stm32f1xx_hal_gpio_ex.c **** @endverbatim
  70:C:/Users/14800/STM32Cube/Repository/STM32Cube_FW_F1_V1.8.5/Drivers/STM32F1xx_HAL_Driver/Src\stm32f1xx_hal_gpio_ex.c ****   * @{
  71:C:/Users/14800/STM32Cube/Repository/STM32Cube_FW_F1_V1.8.5/Drivers/STM32F1xx_HAL_Driver/Src\stm32f1xx_hal_gpio_ex.c ****   */
  72:C:/Users/14800/STM32Cube/Repository/STM32Cube_FW_F1_V1.8.5/Drivers/STM32F1xx_HAL_Driver/Src\stm32f1xx_hal_gpio_ex.c **** 
  73:C:/Users/14800/STM32Cube/Repository/STM32Cube_FW_F1_V1.8.5/Drivers/STM32F1xx_HAL_Driver/Src\stm32f1xx_hal_gpio_ex.c **** /**
  74:C:/Users/14800/STM32Cube/Repository/STM32Cube_FW_F1_V1.8.5/Drivers/STM32F1xx_HAL_Driver/Src\stm32f1xx_hal_gpio_ex.c ****   * @brief  Configures the port and pin on which the EVENTOUT Cortex signal will be connected.
  75:C:/Users/14800/STM32Cube/Repository/STM32Cube_FW_F1_V1.8.5/Drivers/STM32F1xx_HAL_Driver/Src\stm32f1xx_hal_gpio_ex.c ****   * @param  GPIO_PortSource Select the port used to output the Cortex EVENTOUT signal.
  76:C:/Users/14800/STM32Cube/Repository/STM32Cube_FW_F1_V1.8.5/Drivers/STM32F1xx_HAL_Driver/Src\stm32f1xx_hal_gpio_ex.c ****   *   This parameter can be a value of @ref GPIOEx_EVENTOUT_PORT.
  77:C:/Users/14800/STM32Cube/Repository/STM32Cube_FW_F1_V1.8.5/Drivers/STM32F1xx_HAL_Driver/Src\stm32f1xx_hal_gpio_ex.c ****   * @param  GPIO_PinSource Select the pin used to output the Cortex EVENTOUT signal.
  78:C:/Users/14800/STM32Cube/Repository/STM32Cube_FW_F1_V1.8.5/Drivers/STM32F1xx_HAL_Driver/Src\stm32f1xx_hal_gpio_ex.c ****   *   This parameter can be a value of @ref GPIOEx_EVENTOUT_PIN.
  79:C:/Users/14800/STM32Cube/Repository/STM32Cube_FW_F1_V1.8.5/Drivers/STM32F1xx_HAL_Driver/Src\stm32f1xx_hal_gpio_ex.c ****   * @retval None
  80:C:/Users/14800/STM32Cube/Repository/STM32Cube_FW_F1_V1.8.5/Drivers/STM32F1xx_HAL_Driver/Src\stm32f1xx_hal_gpio_ex.c ****   */
  81:C:/Users/14800/STM32Cube/Repository/STM32Cube_FW_F1_V1.8.5/Drivers/STM32F1xx_HAL_Driver/Src\stm32f1xx_hal_gpio_ex.c **** void HAL_GPIOEx_ConfigEventout(uint32_t GPIO_PortSource, uint32_t GPIO_PinSource)
  82:C:/Users/14800/STM32Cube/Repository/STM32Cube_FW_F1_V1.8.5/Drivers/STM32F1xx_HAL_Driver/Src\stm32f1xx_hal_gpio_ex.c **** {
  28              		.loc 1 82 1 view -0
  29              		.cfi_startproc
  30              		@ args = 0, pretend = 0, frame = 0
  31              		@ frame_needed = 0, uses_anonymous_args = 0
  32              		@ link register save eliminated.
  83:C:/Users/14800/STM32Cube/Repository/STM32Cube_FW_F1_V1.8.5/Drivers/STM32F1xx_HAL_Driver/Src\stm32f1xx_hal_gpio_ex.c ****   /* Verify the parameters */
ARM GAS  C:\Users\14800\AppData\Local\Temp\ccdC4pTb.s 			page 3


  84:C:/Users/14800/STM32Cube/Repository/STM32Cube_FW_F1_V1.8.5/Drivers/STM32F1xx_HAL_Driver/Src\stm32f1xx_hal_gpio_ex.c ****   assert_param(IS_AFIO_EVENTOUT_PORT(GPIO_PortSource));
  33              		.loc 1 84 3 view .LVU1
  85:C:/Users/14800/STM32Cube/Repository/STM32Cube_FW_F1_V1.8.5/Drivers/STM32F1xx_HAL_Driver/Src\stm32f1xx_hal_gpio_ex.c ****   assert_param(IS_AFIO_EVENTOUT_PIN(GPIO_PinSource));
  34              		.loc 1 85 3 view .LVU2
  86:C:/Users/14800/STM32Cube/Repository/STM32Cube_FW_F1_V1.8.5/Drivers/STM32F1xx_HAL_Driver/Src\stm32f1xx_hal_gpio_ex.c **** 
  87:C:/Users/14800/STM32Cube/Repository/STM32Cube_FW_F1_V1.8.5/Drivers/STM32F1xx_HAL_Driver/Src\stm32f1xx_hal_gpio_ex.c ****   /* Apply the new configuration */
  88:C:/Users/14800/STM32Cube/Repository/STM32Cube_FW_F1_V1.8.5/Drivers/STM32F1xx_HAL_Driver/Src\stm32f1xx_hal_gpio_ex.c ****   MODIFY_REG(AFIO->EVCR, (AFIO_EVCR_PORT) | (AFIO_EVCR_PIN), (GPIO_PortSource) | (GPIO_PinSource));
  35              		.loc 1 88 3 view .LVU3
  36 0000 034A     		ldr	r2, .L2
  37 0002 1368     		ldr	r3, [r2]
  38 0004 23F07F03 		bic	r3, r3, #127
  39 0008 0843     		orrs	r0, r0, r1
  40              	.LVL1:
  41              		.loc 1 88 3 is_stmt 0 view .LVU4
  42 000a 0343     		orrs	r3, r3, r0
  43 000c 1360     		str	r3, [r2]
  89:C:/Users/14800/STM32Cube/Repository/STM32Cube_FW_F1_V1.8.5/Drivers/STM32F1xx_HAL_Driver/Src\stm32f1xx_hal_gpio_ex.c **** }
  44              		.loc 1 89 1 view .LVU5
  45 000e 7047     		bx	lr
  46              	.L3:
  47              		.align	2
  48              	.L2:
  49 0010 00000140 		.word	1073807360
  50              		.cfi_endproc
  51              	.LFE65:
  53              		.section	.text.HAL_GPIOEx_EnableEventout,"ax",%progbits
  54              		.align	1
  55              		.global	HAL_GPIOEx_EnableEventout
  56              		.syntax unified
  57              		.thumb
  58              		.thumb_func
  59              		.fpu softvfp
  61              	HAL_GPIOEx_EnableEventout:
  62              	.LFB66:
  90:C:/Users/14800/STM32Cube/Repository/STM32Cube_FW_F1_V1.8.5/Drivers/STM32F1xx_HAL_Driver/Src\stm32f1xx_hal_gpio_ex.c **** 
  91:C:/Users/14800/STM32Cube/Repository/STM32Cube_FW_F1_V1.8.5/Drivers/STM32F1xx_HAL_Driver/Src\stm32f1xx_hal_gpio_ex.c **** /**
  92:C:/Users/14800/STM32Cube/Repository/STM32Cube_FW_F1_V1.8.5/Drivers/STM32F1xx_HAL_Driver/Src\stm32f1xx_hal_gpio_ex.c ****   * @brief  Enables the Event Output.
  93:C:/Users/14800/STM32Cube/Repository/STM32Cube_FW_F1_V1.8.5/Drivers/STM32F1xx_HAL_Driver/Src\stm32f1xx_hal_gpio_ex.c ****   * @retval None
  94:C:/Users/14800/STM32Cube/Repository/STM32Cube_FW_F1_V1.8.5/Drivers/STM32F1xx_HAL_Driver/Src\stm32f1xx_hal_gpio_ex.c ****   */
  95:C:/Users/14800/STM32Cube/Repository/STM32Cube_FW_F1_V1.8.5/Drivers/STM32F1xx_HAL_Driver/Src\stm32f1xx_hal_gpio_ex.c **** void HAL_GPIOEx_EnableEventout(void)
  96:C:/Users/14800/STM32Cube/Repository/STM32Cube_FW_F1_V1.8.5/Drivers/STM32F1xx_HAL_Driver/Src\stm32f1xx_hal_gpio_ex.c **** {
  63              		.loc 1 96 1 is_stmt 1 view -0
  64              		.cfi_startproc
  65              		@ args = 0, pretend = 0, frame = 0
  66              		@ frame_needed = 0, uses_anonymous_args = 0
  67              		@ link register save eliminated.
  97:C:/Users/14800/STM32Cube/Repository/STM32Cube_FW_F1_V1.8.5/Drivers/STM32F1xx_HAL_Driver/Src\stm32f1xx_hal_gpio_ex.c ****   SET_BIT(AFIO->EVCR, AFIO_EVCR_EVOE);
  68              		.loc 1 97 3 view .LVU7
  69 0000 024A     		ldr	r2, .L5
  70 0002 1368     		ldr	r3, [r2]
  71 0004 43F08003 		orr	r3, r3, #128
  72 0008 1360     		str	r3, [r2]
  98:C:/Users/14800/STM32Cube/Repository/STM32Cube_FW_F1_V1.8.5/Drivers/STM32F1xx_HAL_Driver/Src\stm32f1xx_hal_gpio_ex.c **** }
  73              		.loc 1 98 1 is_stmt 0 view .LVU8
  74 000a 7047     		bx	lr
  75              	.L6:
  76              		.align	2
ARM GAS  C:\Users\14800\AppData\Local\Temp\ccdC4pTb.s 			page 4


  77              	.L5:
  78 000c 00000140 		.word	1073807360
  79              		.cfi_endproc
  80              	.LFE66:
  82              		.section	.text.HAL_GPIOEx_DisableEventout,"ax",%progbits
  83              		.align	1
  84              		.global	HAL_GPIOEx_DisableEventout
  85              		.syntax unified
  86              		.thumb
  87              		.thumb_func
  88              		.fpu softvfp
  90              	HAL_GPIOEx_DisableEventout:
  91              	.LFB67:
  99:C:/Users/14800/STM32Cube/Repository/STM32Cube_FW_F1_V1.8.5/Drivers/STM32F1xx_HAL_Driver/Src\stm32f1xx_hal_gpio_ex.c **** 
 100:C:/Users/14800/STM32Cube/Repository/STM32Cube_FW_F1_V1.8.5/Drivers/STM32F1xx_HAL_Driver/Src\stm32f1xx_hal_gpio_ex.c **** /**
 101:C:/Users/14800/STM32Cube/Repository/STM32Cube_FW_F1_V1.8.5/Drivers/STM32F1xx_HAL_Driver/Src\stm32f1xx_hal_gpio_ex.c ****   * @brief  Disables the Event Output.
 102:C:/Users/14800/STM32Cube/Repository/STM32Cube_FW_F1_V1.8.5/Drivers/STM32F1xx_HAL_Driver/Src\stm32f1xx_hal_gpio_ex.c ****   * @retval None
 103:C:/Users/14800/STM32Cube/Repository/STM32Cube_FW_F1_V1.8.5/Drivers/STM32F1xx_HAL_Driver/Src\stm32f1xx_hal_gpio_ex.c ****   */
 104:C:/Users/14800/STM32Cube/Repository/STM32Cube_FW_F1_V1.8.5/Drivers/STM32F1xx_HAL_Driver/Src\stm32f1xx_hal_gpio_ex.c **** void HAL_GPIOEx_DisableEventout(void)
 105:C:/Users/14800/STM32Cube/Repository/STM32Cube_FW_F1_V1.8.5/Drivers/STM32F1xx_HAL_Driver/Src\stm32f1xx_hal_gpio_ex.c **** {
  92              		.loc 1 105 1 is_stmt 1 view -0
  93              		.cfi_startproc
  94              		@ args = 0, pretend = 0, frame = 0
  95              		@ frame_needed = 0, uses_anonymous_args = 0
  96              		@ link register save eliminated.
 106:C:/Users/14800/STM32Cube/Repository/STM32Cube_FW_F1_V1.8.5/Drivers/STM32F1xx_HAL_Driver/Src\stm32f1xx_hal_gpio_ex.c ****   CLEAR_BIT(AFIO->EVCR, AFIO_EVCR_EVOE);
  97              		.loc 1 106 3 view .LVU10
  98 0000 024A     		ldr	r2, .L8
  99 0002 1368     		ldr	r3, [r2]
 100 0004 23F08003 		bic	r3, r3, #128
 101 0008 1360     		str	r3, [r2]
 107:C:/Users/14800/STM32Cube/Repository/STM32Cube_FW_F1_V1.8.5/Drivers/STM32F1xx_HAL_Driver/Src\stm32f1xx_hal_gpio_ex.c **** }
 102              		.loc 1 107 1 is_stmt 0 view .LVU11
 103 000a 7047     		bx	lr
 104              	.L9:
 105              		.align	2
 106              	.L8:
 107 000c 00000140 		.word	1073807360
 108              		.cfi_endproc
 109              	.LFE67:
 111              		.text
 112              	.Letext0:
 113              		.file 2 "c:\\st\\stm32cubeclt\\gnu-tools-for-stm32\\arm-none-eabi\\include\\machine\\_default_type
 114              		.file 3 "c:\\st\\stm32cubeclt\\gnu-tools-for-stm32\\arm-none-eabi\\include\\sys\\_stdint.h"
 115              		.file 4 "C:/Users/14800/STM32Cube/Repository/STM32Cube_FW_F1_V1.8.5/Drivers/CMSIS/Device/ST/STM32F
ARM GAS  C:\Users\14800\AppData\Local\Temp\ccdC4pTb.s 			page 5


DEFINED SYMBOLS
                            *ABS*:00000000 stm32f1xx_hal_gpio_ex.c
C:\Users\14800\AppData\Local\Temp\ccdC4pTb.s:16     .text.HAL_GPIOEx_ConfigEventout:00000000 $t
C:\Users\14800\AppData\Local\Temp\ccdC4pTb.s:24     .text.HAL_GPIOEx_ConfigEventout:00000000 HAL_GPIOEx_ConfigEventout
C:\Users\14800\AppData\Local\Temp\ccdC4pTb.s:49     .text.HAL_GPIOEx_ConfigEventout:00000010 $d
C:\Users\14800\AppData\Local\Temp\ccdC4pTb.s:54     .text.HAL_GPIOEx_EnableEventout:00000000 $t
C:\Users\14800\AppData\Local\Temp\ccdC4pTb.s:61     .text.HAL_GPIOEx_EnableEventout:00000000 HAL_GPIOEx_EnableEventout
C:\Users\14800\AppData\Local\Temp\ccdC4pTb.s:78     .text.HAL_GPIOEx_EnableEventout:0000000c $d
C:\Users\14800\AppData\Local\Temp\ccdC4pTb.s:83     .text.HAL_GPIOEx_DisableEventout:00000000 $t
C:\Users\14800\AppData\Local\Temp\ccdC4pTb.s:90     .text.HAL_GPIOEx_DisableEventout:00000000 HAL_GPIOEx_DisableEventout
C:\Users\14800\AppData\Local\Temp\ccdC4pTb.s:107    .text.HAL_GPIOEx_DisableEventout:0000000c $d

NO UNDEFINED SYMBOLS
